<?xml version="1.0" encoding="utf-8" ?>
<!DOCTYPE html PUBLIC "-//W3C//DTD XHTML 1.0 Strict//EN"
        "http://www.w3.org/TR/xhtml1/DTD/xhtml1-strict.dtd">
<html xmlns="http://www.w3.org/1999/xhtml" xml:lang="" lang="">
<head>
  <title>Test Results Report - Login Test</title>
  <meta http-equiv="Content-Type" content="text/html;charset=utf-8" />
  <meta name="description" content="TestNG unit test results." />
  <link href="reportng.css" rel="stylesheet" type="text/css" />
    <script type="text/javascript" src="reportng.js"></script>
</head>
<body>
<h1>Login Test</h1>
<p>
  Test duration: 140.583s
</p>



  <table class="resultsTable">
    <tr><th colspan="3" class="header failed">Failed Tests</th></tr>
          <tr>
        <td colspan="3" class="group">com.orangehrmlive.demo.testsuite.UsersTest</td>
      </tr>
            
<tr>
  <td class="method">
                  adminShouldAddUserSuccessFully
      </td>
  <td class="duration">
    24.544s
  </td>
  <td class="result">
        
    
            <div class="testOutput">
                        Enter UserAdmin to email field [[ChromeDriver: chrome on WINDOWS (86ebae3c57e14b51b7310c626ac1660c)] -&gt; xpath: //input[@id=&apos;txtUsername&apos;]]&lt;br&gt;<br />
                                Enter Passowrdadmin123 to email field [[ChromeDriver: chrome on WINDOWS (86ebae3c57e14b51b7310c626ac1660c)] -&gt; xpath: //input[@id=&apos;txtPassword&apos;]]&lt;br&gt;<br />
                                Clicking on LoginBtn[[ChromeDriver: chrome on WINDOWS (86ebae3c57e14b51b7310c626ac1660c)] -&gt; xpath: //input[@id=&apos;btnLogin&apos;]]&lt;br&gt;<br />
                                Clicking on AdminLink[[ChromeDriver: chrome on WINDOWS (86ebae3c57e14b51b7310c626ac1660c)] -&gt; xpath: //b[contains(text(),&apos;Admin&apos;)]]&lt;br&gt;<br />
                                getting SytemUser text from [[ChromeDriver: chrome on WINDOWS (86ebae3c57e14b51b7310c626ac1660c)] -&gt; xpath: //div[@class=&apos;head&apos;]/h1]&lt;br&gt;<br />
                                Clicking Add newsletterbox[[ChromeDriver: chrome on WINDOWS (86ebae3c57e14b51b7310c626ac1660c)] -&gt; xpath: //input[@id=&apos;btnAdd&apos;]]&lt;br&gt;<br />
                                getting AddUser text from [[ChromeDriver: chrome on WINDOWS (86ebae3c57e14b51b7310c626ac1660c)] -&gt; xpath: //h1[@id=&apos;UserHeading&apos;]]&lt;br&gt;<br />
                                Selecting RoleAdmin from dropdown [[ChromeDriver: chrome on WINDOWS (86ebae3c57e14b51b7310c626ac1660c)] -&gt; xpath: //select[@id=&apos;systemUser_userType&apos;]]&lt;br&gt;<br />
                  </div>
    

        <a href="javascript:toggleElement('exception-0', 'block')" title="Click to expand/collapse"><b>org.openqa.selenium.NoSuchElementException: Cannot locate option with text: Admin<br/>
For documentation on this error, please visit: https://selenium.dev/exceptions/#no_such_element<br/>
Build info: version: &apos;4.1.4&apos;, revision: &apos;535d840ee2&apos;<br/>
System info: host: &apos;KIAANSHI&apos;, ip: &apos;192.168.1.67&apos;, os.name: &apos;Windows 10&apos;, os.arch: &apos;amd64&apos;, os.version: &apos;10.0&apos;, java.version: &apos;1.8.0_121&apos;<br/>
Driver info: driver.version: unknown</b></a><br />
    <div class="stackTrace" id="exception-0">
              org.openqa.selenium.support.ui.Select.selectByVisibleText(Select.java:151)<br />
              com.orangehrmlive.demo.utility.Utility.selectByVisibleTextFromDropDown(Utility.java:152)<br />
              com.orangehrmlive.demo.pages.AddUserPage.selectRole(AddUserPage.java:36)<br />
              com.orangehrmlive.demo.testsuite.UsersTest.adminShouldAddUserSuccessFully(UsersTest.java:36)<br />
              sun.reflect.NativeMethodAccessorImpl.invoke0(Native Method)<br />
              sun.reflect.NativeMethodAccessorImpl.invoke(NativeMethodAccessorImpl.java:62)<br />
              sun.reflect.DelegatingMethodAccessorImpl.invoke(DelegatingMethodAccessorImpl.java:43)<br />
              java.lang.reflect.Method.invoke(Method.java:498)<br />
              org.testng.internal.invokers.MethodInvocationHelper.invokeMethod(MethodInvocationHelper.java:135)<br />
              org.testng.internal.invokers.TestInvoker.invokeMethod(TestInvoker.java:673)<br />
              org.testng.internal.invokers.TestInvoker.invokeTestMethod(TestInvoker.java:220)<br />
              org.testng.internal.invokers.MethodRunner.runInSequence(MethodRunner.java:50)<br />
              org.testng.internal.invokers.TestInvoker$MethodInvocationAgent.invoke(TestInvoker.java:945)<br />
              org.testng.internal.invokers.TestInvoker.invokeTestMethods(TestInvoker.java:193)<br />
              org.testng.internal.invokers.TestMethodWorker.invokeTestMethods(TestMethodWorker.java:146)<br />
              org.testng.internal.invokers.TestMethodWorker.run(TestMethodWorker.java:128)<br />
              java.util.ArrayList.forEach(ArrayList.java:1249)<br />
              org.testng.TestRunner.privateRun(TestRunner.java:808)<br />
              org.testng.TestRunner.run(TestRunner.java:603)<br />
              org.testng.SuiteRunner.runTest(SuiteRunner.java:429)<br />
              org.testng.SuiteRunner.runSequentially(SuiteRunner.java:423)<br />
              org.testng.SuiteRunner.privateRun(SuiteRunner.java:383)<br />
              org.testng.SuiteRunner.run(SuiteRunner.java:326)<br />
              org.testng.SuiteRunnerWorker.runSuite(SuiteRunnerWorker.java:52)<br />
              org.testng.SuiteRunnerWorker.run(SuiteRunnerWorker.java:95)<br />
              org.testng.TestNG.runSuitesSequentially(TestNG.java:1249)<br />
              org.testng.TestNG.runSuitesLocally(TestNG.java:1169)<br />
              org.testng.TestNG.runSuites(TestNG.java:1092)<br />
              org.testng.TestNG.run(TestNG.java:1060)<br />
              com.intellij.rt.testng.IDEARemoteTestNG.run(IDEARemoteTestNG.java:66)<br />
              com.intellij.rt.testng.RemoteTestNGStarter.main(RemoteTestNGStarter.java:109)<br />
                </div>
      </td>
</tr>
<tr>
  <td class="method">
                  searchTheDeletedUserAndVerifyTheMessageNoRecordFound
      </td>
  <td class="duration">
    24.003s
  </td>
  <td class="result">
        
    
            <div class="testOutput">
                        Enter UserAdmin to email field [[ChromeDriver: chrome on WINDOWS (634c716e477a756fb1f597e4165ade2c)] -&gt; xpath: //input[@id=&apos;txtUsername&apos;]]&lt;br&gt;<br />
                                Enter Passowrdadmin123 to email field [[ChromeDriver: chrome on WINDOWS (634c716e477a756fb1f597e4165ade2c)] -&gt; xpath: //input[@id=&apos;txtPassword&apos;]]&lt;br&gt;<br />
                                Clicking on LoginBtn[[ChromeDriver: chrome on WINDOWS (634c716e477a756fb1f597e4165ade2c)] -&gt; xpath: //input[@id=&apos;btnLogin&apos;]]&lt;br&gt;<br />
                                Clicking on AdminLink[[ChromeDriver: chrome on WINDOWS (634c716e477a756fb1f597e4165ade2c)] -&gt; xpath: //b[contains(text(),&apos;Admin&apos;)]]&lt;br&gt;<br />
                                getting SytemUser text from [[ChromeDriver: chrome on WINDOWS (634c716e477a756fb1f597e4165ade2c)] -&gt; xpath: //div[@class=&apos;head&apos;]/h1]&lt;br&gt;<br />
                                Enter UserPrime Testing to email field [[ChromeDriver: chrome on WINDOWS (634c716e477a756fb1f597e4165ade2c)] -&gt; xpath: //input[@id=&apos;searchSystemUser_userName&apos;]]&lt;br&gt;<br />
                                Selecting UserRoleAdmin from dropdown [[ChromeDriver: chrome on WINDOWS (634c716e477a756fb1f597e4165ade2c)] -&gt; xpath: //select[@id=&apos;searchSystemUser_userType&apos;]]&lt;br&gt;<br />
                  </div>
    

        <a href="javascript:toggleElement('exception-1', 'block')" title="Click to expand/collapse"><b>org.openqa.selenium.NoSuchElementException: Cannot locate option with text: Admin<br/>
For documentation on this error, please visit: https://selenium.dev/exceptions/#no_such_element<br/>
Build info: version: &apos;4.1.4&apos;, revision: &apos;535d840ee2&apos;<br/>
System info: host: &apos;KIAANSHI&apos;, ip: &apos;192.168.1.67&apos;, os.name: &apos;Windows 10&apos;, os.arch: &apos;amd64&apos;, os.version: &apos;10.0&apos;, java.version: &apos;1.8.0_121&apos;<br/>
Driver info: driver.version: unknown</b></a><br />
    <div class="stackTrace" id="exception-1">
              org.openqa.selenium.support.ui.Select.selectByVisibleText(Select.java:151)<br />
              com.orangehrmlive.demo.utility.Utility.selectByVisibleTextFromDropDown(Utility.java:152)<br />
              com.orangehrmlive.demo.pages.ViewSystemUsersPage.selectUserRole(ViewSystemUsersPage.java:48)<br />
              com.orangehrmlive.demo.testsuite.UsersTest.searchTheDeletedUserAndVerifyTheMessageNoRecordFound(UsersTest.java:82)<br />
              sun.reflect.NativeMethodAccessorImpl.invoke0(Native Method)<br />
              sun.reflect.NativeMethodAccessorImpl.invoke(NativeMethodAccessorImpl.java:62)<br />
              sun.reflect.DelegatingMethodAccessorImpl.invoke(DelegatingMethodAccessorImpl.java:43)<br />
              java.lang.reflect.Method.invoke(Method.java:498)<br />
              org.testng.internal.invokers.MethodInvocationHelper.invokeMethod(MethodInvocationHelper.java:135)<br />
              org.testng.internal.invokers.TestInvoker.invokeMethod(TestInvoker.java:673)<br />
              org.testng.internal.invokers.TestInvoker.invokeTestMethod(TestInvoker.java:220)<br />
              org.testng.internal.invokers.MethodRunner.runInSequence(MethodRunner.java:50)<br />
              org.testng.internal.invokers.TestInvoker$MethodInvocationAgent.invoke(TestInvoker.java:945)<br />
              org.testng.internal.invokers.TestInvoker.invokeTestMethods(TestInvoker.java:193)<br />
              org.testng.internal.invokers.TestMethodWorker.invokeTestMethods(TestMethodWorker.java:146)<br />
              org.testng.internal.invokers.TestMethodWorker.run(TestMethodWorker.java:128)<br />
              java.util.ArrayList.forEach(ArrayList.java:1249)<br />
              org.testng.TestRunner.privateRun(TestRunner.java:808)<br />
              org.testng.TestRunner.run(TestRunner.java:603)<br />
              org.testng.SuiteRunner.runTest(SuiteRunner.java:429)<br />
              org.testng.SuiteRunner.runSequentially(SuiteRunner.java:423)<br />
              org.testng.SuiteRunner.privateRun(SuiteRunner.java:383)<br />
              org.testng.SuiteRunner.run(SuiteRunner.java:326)<br />
              org.testng.SuiteRunnerWorker.runSuite(SuiteRunnerWorker.java:52)<br />
              org.testng.SuiteRunnerWorker.run(SuiteRunnerWorker.java:95)<br />
              org.testng.TestNG.runSuitesSequentially(TestNG.java:1249)<br />
              org.testng.TestNG.runSuitesLocally(TestNG.java:1169)<br />
              org.testng.TestNG.runSuites(TestNG.java:1092)<br />
              org.testng.TestNG.run(TestNG.java:1060)<br />
              com.intellij.rt.testng.IDEARemoteTestNG.run(IDEARemoteTestNG.java:66)<br />
              com.intellij.rt.testng.RemoteTestNGStarter.main(RemoteTestNGStarter.java:109)<br />
                </div>
      </td>
</tr>
<tr>
  <td class="method">
                  searchTheUserCreatedAndVerifyIt
      </td>
  <td class="duration">
    24.030s
  </td>
  <td class="result">
        
    
            <div class="testOutput">
                        Enter UserAdmin to email field [[ChromeDriver: chrome on WINDOWS (23fb8e0a59d4acf9101d59d3095e6f3f)] -&gt; xpath: //input[@id=&apos;txtUsername&apos;]]&lt;br&gt;<br />
                                Enter Passowrdadmin123 to email field [[ChromeDriver: chrome on WINDOWS (23fb8e0a59d4acf9101d59d3095e6f3f)] -&gt; xpath: //input[@id=&apos;txtPassword&apos;]]&lt;br&gt;<br />
                                Clicking on LoginBtn[[ChromeDriver: chrome on WINDOWS (23fb8e0a59d4acf9101d59d3095e6f3f)] -&gt; xpath: //input[@id=&apos;btnLogin&apos;]]&lt;br&gt;<br />
                                Clicking on AdminLink[[ChromeDriver: chrome on WINDOWS (23fb8e0a59d4acf9101d59d3095e6f3f)] -&gt; xpath: //b[contains(text(),&apos;Admin&apos;)]]&lt;br&gt;<br />
                                getting SytemUser text from [[ChromeDriver: chrome on WINDOWS (23fb8e0a59d4acf9101d59d3095e6f3f)] -&gt; xpath: //div[@class=&apos;head&apos;]/h1]&lt;br&gt;<br />
                                Enter UserPrime Testing to email field [[ChromeDriver: chrome on WINDOWS (23fb8e0a59d4acf9101d59d3095e6f3f)] -&gt; xpath: //input[@id=&apos;searchSystemUser_userName&apos;]]&lt;br&gt;<br />
                                Selecting UserRoleAdmin from dropdown [[ChromeDriver: chrome on WINDOWS (23fb8e0a59d4acf9101d59d3095e6f3f)] -&gt; xpath: //select[@id=&apos;searchSystemUser_userType&apos;]]&lt;br&gt;<br />
                  </div>
    

        <a href="javascript:toggleElement('exception-2', 'block')" title="Click to expand/collapse"><b>org.openqa.selenium.NoSuchElementException: Cannot locate option with text: Admin<br/>
For documentation on this error, please visit: https://selenium.dev/exceptions/#no_such_element<br/>
Build info: version: &apos;4.1.4&apos;, revision: &apos;535d840ee2&apos;<br/>
System info: host: &apos;KIAANSHI&apos;, ip: &apos;192.168.1.67&apos;, os.name: &apos;Windows 10&apos;, os.arch: &apos;amd64&apos;, os.version: &apos;10.0&apos;, java.version: &apos;1.8.0_121&apos;<br/>
Driver info: driver.version: unknown</b></a><br />
    <div class="stackTrace" id="exception-2">
              org.openqa.selenium.support.ui.Select.selectByVisibleText(Select.java:151)<br />
              com.orangehrmlive.demo.utility.Utility.selectByVisibleTextFromDropDown(Utility.java:152)<br />
              com.orangehrmlive.demo.pages.ViewSystemUsersPage.selectUserRole(ViewSystemUsersPage.java:48)<br />
              com.orangehrmlive.demo.testsuite.UsersTest.searchTheUserCreatedAndVerifyIt(UsersTest.java:53)<br />
              sun.reflect.NativeMethodAccessorImpl.invoke0(Native Method)<br />
              sun.reflect.NativeMethodAccessorImpl.invoke(NativeMethodAccessorImpl.java:62)<br />
              sun.reflect.DelegatingMethodAccessorImpl.invoke(DelegatingMethodAccessorImpl.java:43)<br />
              java.lang.reflect.Method.invoke(Method.java:498)<br />
              org.testng.internal.invokers.MethodInvocationHelper.invokeMethod(MethodInvocationHelper.java:135)<br />
              org.testng.internal.invokers.TestInvoker.invokeMethod(TestInvoker.java:673)<br />
              org.testng.internal.invokers.TestInvoker.invokeTestMethod(TestInvoker.java:220)<br />
              org.testng.internal.invokers.MethodRunner.runInSequence(MethodRunner.java:50)<br />
              org.testng.internal.invokers.TestInvoker$MethodInvocationAgent.invoke(TestInvoker.java:945)<br />
              org.testng.internal.invokers.TestInvoker.invokeTestMethods(TestInvoker.java:193)<br />
              org.testng.internal.invokers.TestMethodWorker.invokeTestMethods(TestMethodWorker.java:146)<br />
              org.testng.internal.invokers.TestMethodWorker.run(TestMethodWorker.java:128)<br />
              java.util.ArrayList.forEach(ArrayList.java:1249)<br />
              org.testng.TestRunner.privateRun(TestRunner.java:808)<br />
              org.testng.TestRunner.run(TestRunner.java:603)<br />
              org.testng.SuiteRunner.runTest(SuiteRunner.java:429)<br />
              org.testng.SuiteRunner.runSequentially(SuiteRunner.java:423)<br />
              org.testng.SuiteRunner.privateRun(SuiteRunner.java:383)<br />
              org.testng.SuiteRunner.run(SuiteRunner.java:326)<br />
              org.testng.SuiteRunnerWorker.runSuite(SuiteRunnerWorker.java:52)<br />
              org.testng.SuiteRunnerWorker.run(SuiteRunnerWorker.java:95)<br />
              org.testng.TestNG.runSuitesSequentially(TestNG.java:1249)<br />
              org.testng.TestNG.runSuitesLocally(TestNG.java:1169)<br />
              org.testng.TestNG.runSuites(TestNG.java:1092)<br />
              org.testng.TestNG.run(TestNG.java:1060)<br />
              com.intellij.rt.testng.IDEARemoteTestNG.run(IDEARemoteTestNG.java:66)<br />
              com.intellij.rt.testng.RemoteTestNGStarter.main(RemoteTestNGStarter.java:109)<br />
                </div>
      </td>
</tr>
<tr>
  <td class="method">
                  verifyThatAdminShouldDeleteTheUserSuccessFully
      </td>
  <td class="duration">
    23.936s
  </td>
  <td class="result">
        
    
            <div class="testOutput">
                        Enter UserAdmin to email field [[ChromeDriver: chrome on WINDOWS (166eca56c196bcdf704b1dd18b16d44c)] -&gt; xpath: //input[@id=&apos;txtUsername&apos;]]&lt;br&gt;<br />
                                Enter Passowrdadmin123 to email field [[ChromeDriver: chrome on WINDOWS (166eca56c196bcdf704b1dd18b16d44c)] -&gt; xpath: //input[@id=&apos;txtPassword&apos;]]&lt;br&gt;<br />
                                Clicking on LoginBtn[[ChromeDriver: chrome on WINDOWS (166eca56c196bcdf704b1dd18b16d44c)] -&gt; xpath: //input[@id=&apos;btnLogin&apos;]]&lt;br&gt;<br />
                                Clicking on AdminLink[[ChromeDriver: chrome on WINDOWS (166eca56c196bcdf704b1dd18b16d44c)] -&gt; xpath: //b[contains(text(),&apos;Admin&apos;)]]&lt;br&gt;<br />
                                getting SytemUser text from [[ChromeDriver: chrome on WINDOWS (166eca56c196bcdf704b1dd18b16d44c)] -&gt; xpath: //div[@class=&apos;head&apos;]/h1]&lt;br&gt;<br />
                                Enter UserPrime Testing to email field [[ChromeDriver: chrome on WINDOWS (166eca56c196bcdf704b1dd18b16d44c)] -&gt; xpath: //input[@id=&apos;searchSystemUser_userName&apos;]]&lt;br&gt;<br />
                                Selecting UserRoleAdmin from dropdown [[ChromeDriver: chrome on WINDOWS (166eca56c196bcdf704b1dd18b16d44c)] -&gt; xpath: //select[@id=&apos;searchSystemUser_userType&apos;]]&lt;br&gt;<br />
                  </div>
    

        <a href="javascript:toggleElement('exception-3', 'block')" title="Click to expand/collapse"><b>org.openqa.selenium.NoSuchElementException: Cannot locate option with text: Admin<br/>
For documentation on this error, please visit: https://selenium.dev/exceptions/#no_such_element<br/>
Build info: version: &apos;4.1.4&apos;, revision: &apos;535d840ee2&apos;<br/>
System info: host: &apos;KIAANSHI&apos;, ip: &apos;192.168.1.67&apos;, os.name: &apos;Windows 10&apos;, os.arch: &apos;amd64&apos;, os.version: &apos;10.0&apos;, java.version: &apos;1.8.0_121&apos;<br/>
Driver info: driver.version: unknown</b></a><br />
    <div class="stackTrace" id="exception-3">
              org.openqa.selenium.support.ui.Select.selectByVisibleText(Select.java:151)<br />
              com.orangehrmlive.demo.utility.Utility.selectByVisibleTextFromDropDown(Utility.java:152)<br />
              com.orangehrmlive.demo.pages.ViewSystemUsersPage.selectUserRole(ViewSystemUsersPage.java:48)<br />
              com.orangehrmlive.demo.testsuite.UsersTest.verifyThatAdminShouldDeleteTheUserSuccessFully(UsersTest.java:67)<br />
              sun.reflect.NativeMethodAccessorImpl.invoke0(Native Method)<br />
              sun.reflect.NativeMethodAccessorImpl.invoke(NativeMethodAccessorImpl.java:62)<br />
              sun.reflect.DelegatingMethodAccessorImpl.invoke(DelegatingMethodAccessorImpl.java:43)<br />
              java.lang.reflect.Method.invoke(Method.java:498)<br />
              org.testng.internal.invokers.MethodInvocationHelper.invokeMethod(MethodInvocationHelper.java:135)<br />
              org.testng.internal.invokers.TestInvoker.invokeMethod(TestInvoker.java:673)<br />
              org.testng.internal.invokers.TestInvoker.invokeTestMethod(TestInvoker.java:220)<br />
              org.testng.internal.invokers.MethodRunner.runInSequence(MethodRunner.java:50)<br />
              org.testng.internal.invokers.TestInvoker$MethodInvocationAgent.invoke(TestInvoker.java:945)<br />
              org.testng.internal.invokers.TestInvoker.invokeTestMethods(TestInvoker.java:193)<br />
              org.testng.internal.invokers.TestMethodWorker.invokeTestMethods(TestMethodWorker.java:146)<br />
              org.testng.internal.invokers.TestMethodWorker.run(TestMethodWorker.java:128)<br />
              java.util.ArrayList.forEach(ArrayList.java:1249)<br />
              org.testng.TestRunner.privateRun(TestRunner.java:808)<br />
              org.testng.TestRunner.run(TestRunner.java:603)<br />
              org.testng.SuiteRunner.runTest(SuiteRunner.java:429)<br />
              org.testng.SuiteRunner.runSequentially(SuiteRunner.java:423)<br />
              org.testng.SuiteRunner.privateRun(SuiteRunner.java:383)<br />
              org.testng.SuiteRunner.run(SuiteRunner.java:326)<br />
              org.testng.SuiteRunnerWorker.runSuite(SuiteRunnerWorker.java:52)<br />
              org.testng.SuiteRunnerWorker.run(SuiteRunnerWorker.java:95)<br />
              org.testng.TestNG.runSuitesSequentially(TestNG.java:1249)<br />
              org.testng.TestNG.runSuitesLocally(TestNG.java:1169)<br />
              org.testng.TestNG.runSuites(TestNG.java:1092)<br />
              org.testng.TestNG.run(TestNG.java:1060)<br />
              com.intellij.rt.testng.IDEARemoteTestNG.run(IDEARemoteTestNG.java:66)<br />
              com.intellij.rt.testng.RemoteTestNGStarter.main(RemoteTestNGStarter.java:109)<br />
                </div>
      </td>
</tr>
      </table>


  <table class="resultsTable">
    <tr><th colspan="3" class="header passed">Passed Tests</th></tr>
          <tr>
        <td colspan="3" class="group">com.orangehrmlive.demo.testsuite.LoginTest</td>
      </tr>
            
<tr>
  <td class="method">
                  adminShouldAddUserSuccessFully
      </td>
  <td class="duration">
    2.993s
  </td>
  <td class="result">
        
    
            <div class="testOutput">
                        Enter UserAdmin to email field [[ChromeDriver: chrome on WINDOWS (3c2da8345360989d4786badc7bb44b22)] -&gt; xpath: //input[@id=&apos;txtUsername&apos;]]&lt;br&gt;<br />
                                Enter Passowrdadmin123 to email field [[ChromeDriver: chrome on WINDOWS (3c2da8345360989d4786badc7bb44b22)] -&gt; xpath: //input[@id=&apos;txtPassword&apos;]]&lt;br&gt;<br />
                                Clicking on LoginBtn[[ChromeDriver: chrome on WINDOWS (3c2da8345360989d4786badc7bb44b22)] -&gt; xpath: //input[@id=&apos;btnLogin&apos;]]&lt;br&gt;<br />
                                getting Welcome Text from [[ChromeDriver: chrome on WINDOWS (3c2da8345360989d4786badc7bb44b22)] -&gt; xpath: //a[@id=&apos;welcome&apos;]]&lt;br&gt;<br />
                  </div>
    

      </td>
</tr>
<tr>
  <td class="method">
                  verifyThatTheLogoDisplayOnHomePage
      </td>
  <td class="duration">
    2.461s
  </td>
  <td class="result">
        
    
            <div class="testOutput">
                        Enter UserAdmin to email field [[ChromeDriver: chrome on WINDOWS (6a53b7a1b80032c0a5b1b25e129e2465)] -&gt; xpath: //input[@id=&apos;txtUsername&apos;]]&lt;br&gt;<br />
                                Enter Passowrdadmin123 to email field [[ChromeDriver: chrome on WINDOWS (6a53b7a1b80032c0a5b1b25e129e2465)] -&gt; xpath: //input[@id=&apos;txtPassword&apos;]]&lt;br&gt;<br />
                                Clicking on LoginBtn[[ChromeDriver: chrome on WINDOWS (6a53b7a1b80032c0a5b1b25e129e2465)] -&gt; xpath: //input[@id=&apos;btnLogin&apos;]]&lt;br&gt;<br />
                  </div>
    

      </td>
</tr>
<tr>
  <td class="method">
                  verifyUserShouldLogOutSuccessFully
      </td>
  <td class="duration">
    3.074s
  </td>
  <td class="result">
        
    
            <div class="testOutput">
                        Enter UserAdmin to email field [[ChromeDriver: chrome on WINDOWS (7d256924fa66650120dd643c63f7b247)] -&gt; xpath: //input[@id=&apos;txtUsername&apos;]]&lt;br&gt;<br />
                                Enter Passowrdadmin123 to email field [[ChromeDriver: chrome on WINDOWS (7d256924fa66650120dd643c63f7b247)] -&gt; xpath: //input[@id=&apos;txtPassword&apos;]]&lt;br&gt;<br />
                                Clicking on LoginBtn[[ChromeDriver: chrome on WINDOWS (7d256924fa66650120dd643c63f7b247)] -&gt; xpath: //input[@id=&apos;btnLogin&apos;]]&lt;br&gt;<br />
                  </div>
    

      </td>
</tr>
      </table>
  
</body>
</html>
